{"numFailedTestSuites":0,"numFailedTests":0,"numPassedTestSuites":2,"numPassedTests":4,"numPendingTestSuites":0,"numPendingTests":0,"numRuntimeErrorTestSuites":0,"numTodoTests":2,"numTotalTestSuites":2,"numTotalTests":6,"openHandles":[],"snapshot":{"added":0,"didUpdate":false,"failure":false,"filesAdded":0,"filesRemoved":0,"filesRemovedList":[],"filesUnmatched":0,"filesUpdated":0,"matched":4,"total":4,"unchecked":0,"uncheckedKeysByFile":[],"unmatched":0,"updated":0},"startTime":1587988836819,"success":true,"testResults":[{"assertionResults":[{"ancestorTitles":["RelativeDatePicker"],"failureMessages":[],"fullName":"RelativeDatePicker should render","location":null,"status":"passed","title":"should render"},{"ancestorTitles":["RelativeDatePicker"],"failureMessages":[],"fullName":"RelativeDatePicker should change value","location":null,"status":"passed","title":"should change value"},{"ancestorTitles":["RelativeDatePicker"],"failureMessages":[],"fullName":"RelativeDatePicker should fire change event","location":null,"status":"todo","title":"should fire change event"}],"endTime":1587988844010,"message":"","name":"/Users/adarshpastakia/Personal/ant-extensions/modules/super-date/__tests__/RelativeDatePicker.test.tsx","startTime":1587988836996,"status":"passed","summary":""},{"assertionResults":[{"ancestorTitles":["RelativeRangePicker"],"failureMessages":[],"fullName":"RelativeRangePicker should render","location":null,"status":"passed","title":"should render"},{"ancestorTitles":["RelativeRangePicker"],"failureMessages":[],"fullName":"RelativeRangePicker should change value","location":null,"status":"passed","title":"should change value"},{"ancestorTitles":["RelativeRangePicker"],"failureMessages":[],"fullName":"RelativeRangePicker should fire change event","location":null,"status":"todo","title":"should fire change event"}],"endTime":1587988846130,"message":"","name":"/Users/adarshpastakia/Personal/ant-extensions/modules/super-date/__tests__/RelativeRangePicker.test.tsx","startTime":1587988844023,"status":"passed","summary":""}],"wasInterrupted":false,"coverageMap":{"/Users/adarshpastakia/Personal/ant-extensions/modules/super-date/src/components/range/RelativeForm.tsx":{"path":"/Users/adarshpastakia/Personal/ant-extensions/modules/super-date/src/components/range/RelativeForm.tsx","statementMap":{"0":{"start":{"line":6,"column":0},"end":{"line":6,"column":46}},"1":{"start":{"line":7,"column":0},"end":{"line":7,"column":64}},"2":{"start":{"line":8,"column":0},"end":{"line":8,"column":47}},"3":{"start":{"line":9,"column":0},"end":{"line":9,"column":54}},"4":{"start":{"line":10,"column":0},"end":{"line":10,"column":46}},"5":{"start":{"line":11,"column":0},"end":{"line":11,"column":52}},"6":{"start":{"line":12,"column":0},"end":{"line":12,"column":68}},"7":{"start":{"line":13,"column":0},"end":{"line":13,"column":56}},"8":{"start":{"line":15,"column":19},"end":{"line":18,"column":2}},"9":{"start":{"line":20,"column":13},"end":{"line":61,"column":3}},"10":{"start":{"line":20,"column":63},"end":{"line":20,"column":68}},"11":{"start":{"line":20,"column":70},"end":{"line":20,"column":78}},"12":{"start":{"line":21,"column":10},"end":{"line":21,"column":11}},"13":{"start":{"line":23,"column":8},"end":{"line":23,"column":9}},"14":{"start":{"line":23,"column":9},"end":{"line":23,"column":15}},"15":{"start":{"line":23,"column":17},"end":{"line":23,"column":59}},"16":{"start":{"line":24,"column":8},"end":{"line":24,"column":9}},"17":{"start":{"line":24,"column":9},"end":{"line":24,"column":13}},"18":{"start":{"line":24,"column":15},"end":{"line":24,"column":55}},"19":{"start":{"line":26,"column":2},"end":{"line":34,"column":14}},"20":{"start":{"line":27,"column":4},"end":{"line":33,"column":null}},"21":{"start":{"line":28,"column":12},"end":{"line":28,"column":13}},"22":{"start":{"line":28,"column":13},"end":{"line":28,"column":18}},"23":{"start":{"line":28,"column":20},"end":{"line":28,"column":43}},"24":{"start":{"line":29,"column":6},"end":{"line":32,"column":null}},"25":{"start":{"line":30,"column":8},"end":{"line":30,"column":24}},"26":{"start":{"line":31,"column":8},"end":{"line":31,"column":20}},"27":{"start":{"line":36,"column":24},"end":{"line":40,"column":30}},"28":{"start":{"line":37,"column":4},"end":{"line":39,"column":null}},"29":{"start":{"line":38,"column":6},"end":{"line":38,"column":56}},"30":{"start":{"line":42,"column":2},"end":{"line":60,"column":4}},"31":{"start":{"line":62,"column":0},"end":{"line":62,"column":42}}},"fnMap":{"0":{"name":"(anonymous_0)","decl":{"start":{"line":20,"column":60},"end":{"line":20,"column":61}},"loc":{"start":{"line":20,"column":80},"end":{"line":61,"column":1}}},"1":{"name":"(anonymous_1)","decl":{"start":{"line":26,"column":12},"end":{"line":26,"column":null}},"loc":{"start":{"line":26,"column":12},"end":{"line":34,"column":3}}},"2":{"name":"(anonymous_2)","decl":{"start":{"line":36,"column":36},"end":{"line":36,"column":null}},"loc":{"start":{"line":36,"column":36},"end":{"line":40,"column":3}}}},"branchMap":{"0":{"loc":{"start":{"line":27,"column":4},"end":{"line":33,"column":null}},"type":"if","locations":[{"start":{"line":27,"column":4},"end":{"line":33,"column":null}},{"start":{"line":27,"column":4},"end":{"line":33,"column":null}}]},"1":{"loc":{"start":{"line":27,"column":8},"end":{"line":27,"column":13}},"type":"binary-expr","locations":[{"start":{"line":27,"column":8},"end":{"line":27,"column":13}},{"start":{"line":27,"column":17},"end":{"line":27,"column":36}},{"start":{"line":27,"column":40},"end":{"line":27,"column":70}}]},"2":{"loc":{"start":{"line":29,"column":6},"end":{"line":32,"column":null}},"type":"if","locations":[{"start":{"line":29,"column":6},"end":{"line":32,"column":null}},{"start":{"line":29,"column":6},"end":{"line":32,"column":null}}]},"3":{"loc":{"start":{"line":29,"column":10},"end":{"line":29,"column":23}},"type":"binary-expr","locations":[{"start":{"line":29,"column":10},"end":{"line":29,"column":23}},{"start":{"line":29,"column":27},"end":{"line":29,"column":44}},{"start":{"line":29,"column":48},"end":{"line":29,"column":63}}]},"4":{"loc":{"start":{"line":37,"column":4},"end":{"line":39,"column":null}},"type":"if","locations":[{"start":{"line":37,"column":4},"end":{"line":39,"column":null}},{"start":{"line":37,"column":4},"end":{"line":39,"column":null}}]},"5":{"loc":{"start":{"line":37,"column":8},"end":{"line":37,"column":14}},"type":"binary-expr","locations":[{"start":{"line":37,"column":8},"end":{"line":37,"column":14}},{"start":{"line":37,"column":18},"end":{"line":37,"column":22}}]},"6":{"loc":{"start":{"line":38,"column":6},"end":{"line":38,"column":14}},"type":"binary-expr","locations":[{"start":{"line":38,"column":6},"end":{"line":38,"column":14}},{"start":{"line":38,"column":18},"end":{"line":38,"column":55}}]}},"s":{"0":2,"1":2,"2":2,"3":2,"4":2,"5":2,"6":2,"7":2,"8":2,"9":2,"10":0,"11":0,"12":0,"13":0,"14":0,"15":0,"16":0,"17":0,"18":0,"19":0,"20":0,"21":0,"22":0,"23":0,"24":0,"25":0,"26":0,"27":0,"28":0,"29":0,"30":0,"31":2},"f":{"0":0,"1":0,"2":0},"b":{"0":[0,0],"1":[0,0,0],"2":[0,0],"3":[0,0,0],"4":[0,0],"5":[0,0],"6":[0,0]}}}}