{"numFailedTestSuites":0,"numFailedTests":0,"numPassedTestSuites":2,"numPassedTests":4,"numPendingTestSuites":0,"numPendingTests":0,"numRuntimeErrorTestSuites":0,"numTodoTests":2,"numTotalTestSuites":2,"numTotalTests":6,"openHandles":[],"snapshot":{"added":0,"didUpdate":false,"failure":false,"filesAdded":0,"filesRemoved":0,"filesRemovedList":[],"filesUnmatched":0,"filesUpdated":0,"matched":4,"total":4,"unchecked":0,"uncheckedKeysByFile":[],"unmatched":0,"updated":0},"startTime":1587974221636,"success":true,"testResults":[{"assertionResults":[{"ancestorTitles":["RelativeDatePicker"],"failureMessages":[],"fullName":"RelativeDatePicker should render","location":null,"status":"passed","title":"should render"},{"ancestorTitles":["RelativeDatePicker"],"failureMessages":[],"fullName":"RelativeDatePicker should change value","location":null,"status":"passed","title":"should change value"},{"ancestorTitles":["RelativeDatePicker"],"failureMessages":[],"fullName":"RelativeDatePicker should fire change event","location":null,"status":"todo","title":"should fire change event"}],"endTime":1587974225404,"message":"","name":"/Users/adarshpastakia/Personal/ant-extensions/modules/super-date/__tests__/RelativeDatePicker.test.tsx","startTime":1587974221645,"status":"passed","summary":""},{"assertionResults":[{"ancestorTitles":["RelativeRangePicker"],"failureMessages":[],"fullName":"RelativeRangePicker should render","location":null,"status":"passed","title":"should render"},{"ancestorTitles":["RelativeRangePicker"],"failureMessages":[],"fullName":"RelativeRangePicker should change value","location":null,"status":"passed","title":"should change value"},{"ancestorTitles":["RelativeRangePicker"],"failureMessages":[],"fullName":"RelativeRangePicker should fire change event","location":null,"status":"todo","title":"should fire change event"}],"endTime":1587974226373,"message":"","name":"/Users/adarshpastakia/Personal/ant-extensions/modules/super-date/__tests__/RelativeRangePicker.test.tsx","startTime":1587974225418,"status":"passed","summary":""}],"wasInterrupted":false,"coverageMap":{"/Users/adarshpastakia/Personal/ant-extensions/modules/super-date/src/components/InlineDatePicker.tsx":{"path":"/Users/adarshpastakia/Personal/ant-extensions/modules/super-date/src/components/InlineDatePicker.tsx","statementMap":{"0":{"start":{"line":6,"column":0},"end":{"line":6,"column":34}},"1":{"start":{"line":8,"column":0},"end":{"line":8,"column":55}},"2":{"start":{"line":10,"column":13},"end":{"line":34,"column":3}},"3":{"start":{"line":14,"column":23},"end":{"line":14,"column":51}},"4":{"start":{"line":15,"column":20},"end":{"line":15,"column":73}},"5":{"start":{"line":17,"column":2},"end":{"line":21,"column":9}},"6":{"start":{"line":18,"column":4},"end":{"line":20,"column":null}},"7":{"start":{"line":19,"column":6},"end":{"line":19,"column":58}},"8":{"start":{"line":23,"column":2},"end":{"line":33,"column":4}},"9":{"start":{"line":30,"column":33},"end":{"line":30,"column":null}},"10":{"start":{"line":35,"column":0},"end":{"line":35,"column":50}}},"fnMap":{"0":{"name":"(anonymous_0)","decl":{"start":{"line":13,"column":2},"end":{"line":13,"column":3}},"loc":{"start":{"line":13,"column":13},"end":{"line":34,"column":1}}},"1":{"name":"(anonymous_1)","decl":{"start":{"line":17,"column":18},"end":{"line":17,"column":null}},"loc":{"start":{"line":17,"column":18},"end":{"line":21,"column":3}}},"2":{"name":"(anonymous_2)","decl":{"start":{"line":30,"column":27},"end":{"line":30,"column":33}},"loc":{"start":{"line":30,"column":27},"end":{"line":30,"column":42}}}},"branchMap":{"0":{"loc":{"start":{"line":18,"column":4},"end":{"line":20,"column":null}},"type":"if","locations":[{"start":{"line":18,"column":4},"end":{"line":20,"column":null}},{"start":{"line":18,"column":4},"end":{"line":20,"column":null}}]}},"s":{"0":2,"1":2,"2":2,"3":0,"4":0,"5":0,"6":0,"7":0,"8":0,"9":0,"10":2},"f":{"0":0,"1":0,"2":0},"b":{"0":[0,0]}},"/Users/adarshpastakia/Personal/ant-extensions/modules/super-date/src/components/InlineRangePicker.tsx":{"path":"/Users/adarshpastakia/Personal/ant-extensions/modules/super-date/src/components/InlineRangePicker.tsx","statementMap":{"0":{"start":{"line":6,"column":0},"end":{"line":6,"column":34}},"1":{"start":{"line":8,"column":0},"end":{"line":8,"column":89}},"2":{"start":{"line":10,"column":8},"end":{"line":10,"column":19}},"3":{"start":{"line":12,"column":13},"end":{"line":71,"column":3}},"4":{"start":{"line":15,"column":5},"end":{"line":15,"column":10}},"5":{"start":{"line":15,"column":12},"end":{"line":15,"column":20}},"6":{"start":{"line":16,"column":23},"end":{"line":16,"column":51}},"7":{"start":{"line":17,"column":25},"end":{"line":17,"column":48}},"8":{"start":{"line":18,"column":20},"end":{"line":18,"column":73}},"9":{"start":{"line":20,"column":2},"end":{"line":26,"column":12}},"10":{"start":{"line":21,"column":4},"end":{"line":25,"column":null}},"11":{"start":{"line":22,"column":6},"end":{"line":22,"column":34}},"12":{"start":{"line":23,"column":11},"end":{"line":25,"column":null}},"13":{"start":{"line":24,"column":6},"end":{"line":24,"column":43}},"14":{"start":{"line":28,"column":2},"end":{"line":32,"column":9}},"15":{"start":{"line":29,"column":4},"end":{"line":31,"column":null}},"16":{"start":{"line":30,"column":6},"end":{"line":30,"column":58}},"17":{"start":{"line":34,"column":8},"end":{"line":34,"column":9}},"18":{"start":{"line":34,"column":9},"end":{"line":34,"column":15}},"19":{"start":{"line":34,"column":17},"end":{"line":34,"column":62}},"20":{"start":{"line":35,"column":2},"end":{"line":37,"column":14}},"21":{"start":{"line":36,"column":4},"end":{"line":36,"column":36}},"22":{"start":{"line":38,"column":19},"end":{"line":40,"column":8}},"23":{"start":{"line":39,"column":4},"end":{"line":39,"column":16}},"24":{"start":{"line":42,"column":21},"end":{"line":55,"column":null}},"25":{"start":{"line":44,"column":6},"end":{"line":52,"column":null}},"26":{"start":{"line":50,"column":8},"end":{"line":50,"column":31}},"27":{"start":{"line":51,"column":8},"end":{"line":51,"column":87}},"28":{"start":{"line":51,"column":25},"end":{"line":51,"column":83}},"29":{"start":{"line":53,"column":6},"end":{"line":53,"column":18}},"30":{"start":{"line":58,"column":2},"end":{"line":70,"column":4}},"31":{"start":{"line":67,"column":33},"end":{"line":67,"column":null}},"32":{"start":{"line":72,"column":0},"end":{"line":72,"column":52}}},"fnMap":{"0":{"name":"(anonymous_0)","decl":{"start":{"line":15,"column":2},"end":{"line":15,"column":3}},"loc":{"start":{"line":15,"column":27},"end":{"line":71,"column":1}}},"1":{"name":"(anonymous_1)","decl":{"start":{"line":20,"column":12},"end":{"line":20,"column":null}},"loc":{"start":{"line":20,"column":12},"end":{"line":26,"column":3}}},"2":{"name":"(anonymous_2)","decl":{"start":{"line":28,"column":18},"end":{"line":28,"column":null}},"loc":{"start":{"line":28,"column":18},"end":{"line":32,"column":3}}},"3":{"name":"(anonymous_3)","decl":{"start":{"line":35,"column":12},"end":{"line":35,"column":null}},"loc":{"start":{"line":35,"column":12},"end":{"line":37,"column":3}}},"4":{"name":"(anonymous_4)","decl":{"start":{"line":38,"column":31},"end":{"line":38,"column":32}},"loc":{"start":{"line":38,"column":33},"end":{"line":40,"column":3}}},"5":{"name":"(anonymous_5)","decl":{"start":{"line":43,"column":4},"end":{"line":43,"column":5}},"loc":{"start":{"line":43,"column":17},"end":{"line":54,"column":5}}},"6":{"name":"(anonymous_6)","decl":{"start":{"line":51,"column":19},"end":{"line":51,"column":25}},"loc":{"start":{"line":51,"column":19},"end":{"line":51,"column":39}}},"7":{"name":"(anonymous_7)","decl":{"start":{"line":67,"column":27},"end":{"line":67,"column":33}},"loc":{"start":{"line":67,"column":27},"end":{"line":67,"column":42}}}},"branchMap":{"0":{"loc":{"start":{"line":21,"column":4},"end":{"line":25,"column":null}},"type":"if","locations":[{"start":{"line":21,"column":4},"end":{"line":25,"column":null}},{"start":{"line":21,"column":4},"end":{"line":25,"column":null}}]},"1":{"loc":{"start":{"line":23,"column":11},"end":{"line":25,"column":null}},"type":"if","locations":[{"start":{"line":23,"column":11},"end":{"line":25,"column":null}},{"start":{"line":23,"column":11},"end":{"line":25,"column":null}}]},"2":{"loc":{"start":{"line":29,"column":4},"end":{"line":31,"column":null}},"type":"if","locations":[{"start":{"line":29,"column":4},"end":{"line":31,"column":null}},{"start":{"line":29,"column":4},"end":{"line":31,"column":null}}]},"3":{"loc":{"start":{"line":36,"column":13},"end":{"line":36,"column":18}},"type":"binary-expr","locations":[{"start":{"line":36,"column":13},"end":{"line":36,"column":18}},{"start":{"line":36,"column":22},"end":{"line":36,"column":34}}]},"4":{"loc":{"start":{"line":44,"column":6},"end":{"line":52,"column":null}},"type":"if","locations":[{"start":{"line":44,"column":6},"end":{"line":52,"column":null}},{"start":{"line":44,"column":6},"end":{"line":52,"column":null}}]},"5":{"loc":{"start":{"line":45,"column":8},"end":{"line":45,"column":17}},"type":"binary-expr","locations":[{"start":{"line":45,"column":8},"end":{"line":45,"column":17}},{"start":{"line":46,"column":8},"end":{"line":46,"column":17}},{"start":{"line":47,"column":9},"end":{"line":47,"column":58}},{"start":{"line":48,"column":10},"end":{"line":48,"column":62}}]},"6":{"loc":{"start":{"line":51,"column":25},"end":{"line":51,"column":47}},"type":"binary-expr","locations":[{"start":{"line":51,"column":25},"end":{"line":51,"column":47}},{"start":{"line":51,"column":51},"end":{"line":51,"column":81}}]}},"s":{"0":2,"1":2,"2":2,"3":2,"4":0,"5":0,"6":0,"7":0,"8":0,"9":0,"10":0,"11":0,"12":0,"13":0,"14":0,"15":0,"16":0,"17":0,"18":0,"19":0,"20":0,"21":0,"22":0,"23":0,"24":0,"25":0,"26":0,"27":0,"28":0,"29":0,"30":0,"31":0,"32":2},"f":{"0":0,"1":0,"2":0,"3":0,"4":0,"5":0,"6":0,"7":0},"b":{"0":[0,0],"1":[0,0],"2":[0,0],"3":[0,0],"4":[0,0],"5":[0,0,0,0],"6":[0,0]}},"/Users/adarshpastakia/Personal/ant-extensions/modules/super-date/src/components/common/BasePicker.tsx":{"path":"/Users/adarshpastakia/Personal/ant-extensions/modules/super-date/src/components/common/BasePicker.tsx","statementMap":{"0":{"start":{"line":6,"column":0},"end":{"line":6,"column":47}},"1":{"start":{"line":7,"column":0},"end":{"line":7,"column":30}},"2":{"start":{"line":8,"column":0},"end":{"line":8,"column":72}},"3":{"start":{"line":9,"column":0},"end":{"line":9,"column":48}},"4":{"start":{"line":10,"column":0},"end":{"line":10,"column":34}},"5":{"start":{"line":12,"column":0},"end":{"line":12,"column":60}},"6":{"start":{"line":13,"column":0},"end":{"line":13,"column":40}},"7":{"start":{"line":15,"column":13},"end":{"line":69,"column":2}},"8":{"start":{"line":16,"column":5},"end":{"line":16,"column":10}},"9":{"start":{"line":16,"column":12},"end":{"line":16,"column":20}},"10":{"start":{"line":16,"column":22},"end":{"line":16,"column":37}},"11":{"start":{"line":16,"column":39},"end":{"line":16,"column":47}},"12":{"start":{"line":16,"column":49},"end":{"line":16,"column":60}},"13":{"start":{"line":16,"column":62},"end":{"line":16,"column":70}},"14":{"start":{"line":17,"column":24},"end":{"line":17,"column":45}},"15":{"start":{"line":18,"column":10},"end":{"line":18,"column":11}},"16":{"start":{"line":18,"column":11},"end":{"line":18,"column":18}},"17":{"start":{"line":18,"column":20},"end":{"line":18,"column":49}},"18":{"start":{"line":20,"column":10},"end":{"line":20,"column":11}},"19":{"start":{"line":20,"column":11},"end":{"line":20,"column":17}},"20":{"start":{"line":20,"column":19},"end":{"line":20,"column":46}},"21":{"start":{"line":22,"column":4},"end":{"line":24,"column":16}},"22":{"start":{"line":23,"column":6},"end":{"line":23,"column":22}},"23":{"start":{"line":25,"column":21},"end":{"line":31,"column":null}},"24":{"start":{"line":27,"column":8},"end":{"line":27,"column":20}},"25":{"start":{"line":28,"column":8},"end":{"line":28,"column":26}},"26":{"start":{"line":29,"column":8},"end":{"line":29,"column":32}},"27":{"start":{"line":34,"column":26},"end":{"line":41,"column":null}},"28":{"start":{"line":36,"column":8},"end":{"line":39,"column":null}},"29":{"start":{"line":37,"column":10},"end":{"line":37,"column":24}},"30":{"start":{"line":38,"column":10},"end":{"line":38,"column":48}},"31":{"start":{"line":44,"column":4},"end":{"line":67,"column":6}},"32":{"start":{"line":61,"column":31},"end":{"line":61,"column":null}},"33":{"start":{"line":70,"column":0},"end":{"line":70,"column":38}}},"fnMap":{"0":{"name":"(anonymous_0)","decl":{"start":{"line":16,"column":2},"end":{"line":16,"column":3}},"loc":{"start":{"line":16,"column":77},"end":{"line":68,"column":3}}},"1":{"name":"(anonymous_1)","decl":{"start":{"line":22,"column":14},"end":{"line":22,"column":null}},"loc":{"start":{"line":22,"column":14},"end":{"line":24,"column":5}}},"2":{"name":"(anonymous_2)","decl":{"start":{"line":26,"column":6},"end":{"line":26,"column":7}},"loc":{"start":{"line":26,"column":19},"end":{"line":30,"column":7}}},"3":{"name":"(anonymous_3)","decl":{"start":{"line":35,"column":6},"end":{"line":35,"column":7}},"loc":{"start":{"line":35,"column":8},"end":{"line":40,"column":7}}},"4":{"name":"(anonymous_4)","decl":{"start":{"line":61,"column":24},"end":{"line":61,"column":25}},"loc":{"start":{"line":61,"column":26},"end":{"line":61,"column":32}}}},"branchMap":{"0":{"loc":{"start":{"line":29,"column":8},"end":{"line":29,"column":16}},"type":"binary-expr","locations":[{"start":{"line":29,"column":8},"end":{"line":29,"column":16}},{"start":{"line":29,"column":20},"end":{"line":29,"column":31}}]},"1":{"loc":{"start":{"line":36,"column":8},"end":{"line":39,"column":null}},"type":"if","locations":[{"start":{"line":36,"column":8},"end":{"line":39,"column":null}},{"start":{"line":36,"column":8},"end":{"line":39,"column":null}}]},"2":{"loc":{"start":{"line":38,"column":10},"end":{"line":38,"column":25}},"type":"binary-expr","locations":[{"start":{"line":38,"column":10},"end":{"line":38,"column":25}},{"start":{"line":38,"column":29},"end":{"line":38,"column":47}}]},"3":{"loc":{"start":{"line":53,"column":23},"end":{"line":53,"column":32}},"type":"binary-expr","locations":[{"start":{"line":53,"column":23},"end":{"line":53,"column":32}},{"start":{"line":53,"column":36},"end":{"line":53,"column":98}}]},"4":{"loc":{"start":{"line":61,"column":31},"end":{"line":61,"column":78}},"type":"binary-expr","locations":[{"start":{"line":61,"column":31},"end":{"line":61,"column":78}},{"start":{"line":61,"column":82},"end":{"line":61,"column":99}}]}},"s":{"0":2,"1":2,"2":2,"3":2,"4":2,"5":2,"6":2,"7":2,"8":4,"9":4,"10":4,"11":4,"12":4,"13":4,"14":4,"15":4,"16":4,"17":4,"18":4,"19":4,"20":4,"21":4,"22":4,"23":4,"24":0,"25":0,"26":0,"27":4,"28":0,"29":0,"30":0,"31":4,"32":0,"33":2},"f":{"0":4,"1":4,"2":0,"3":0,"4":0},"b":{"0":[0,0],"1":[0,0],"2":[0,0],"3":[4,4],"4":[0,0]}},"/Users/adarshpastakia/Personal/ant-extensions/modules/super-date/src/components/common/DateInput.tsx":{"path":"/Users/adarshpastakia/Personal/ant-extensions/modules/super-date/src/components/common/DateInput.tsx","statementMap":{"0":{"start":{"line":6,"column":0},"end":{"line":6,"column":53}},"1":{"start":{"line":7,"column":0},"end":{"line":7,"column":29}},"2":{"start":{"line":9,"column":0},"end":{"line":9,"column":39}},"3":{"start":{"line":10,"column":0},"end":{"line":10,"column":55}},"4":{"start":{"line":12,"column":13},"end":{"line":29,"column":2}},"5":{"start":{"line":13,"column":5},"end":{"line":13,"column":10}},"6":{"start":{"line":13,"column":12},"end":{"line":13,"column":20}},"7":{"start":{"line":13,"column":22},"end":{"line":13,"column":30}},"8":{"start":{"line":13,"column":32},"end":{"line":13,"column":40}},"9":{"start":{"line":14,"column":25},"end":{"line":14,"column":96}},"10":{"start":{"line":14,"column":39},"end":{"line":14,"column":88}},"11":{"start":{"line":16,"column":23},"end":{"line":16,"column":80}},"12":{"start":{"line":16,"column":37},"end":{"line":16,"column":59}},"13":{"start":{"line":18,"column":4},"end":{"line":27,"column":6}},"14":{"start":{"line":30,"column":0},"end":{"line":30,"column":36}}},"fnMap":{"0":{"name":"(anonymous_0)","decl":{"start":{"line":13,"column":2},"end":{"line":13,"column":3}},"loc":{"start":{"line":13,"column":47},"end":{"line":28,"column":3}}},"1":{"name":"(anonymous_1)","decl":{"start":{"line":14,"column":33},"end":{"line":14,"column":39}},"loc":{"start":{"line":14,"column":33},"end":{"line":14,"column":40}}},"2":{"name":"(anonymous_2)","decl":{"start":{"line":16,"column":31},"end":{"line":16,"column":37}},"loc":{"start":{"line":16,"column":31},"end":{"line":16,"column":45}}}},"branchMap":{"0":{"loc":{"start":{"line":14,"column":48},"end":{"line":14,"column":80}},"type":"cond-expr","locations":[{"start":{"line":14,"column":48},"end":{"line":14,"column":80}},{"start":{"line":14,"column":83},"end":{"line":14,"column":85}}]},"1":{"loc":{"start":{"line":16,"column":37},"end":{"line":16,"column":45}},"type":"binary-expr","locations":[{"start":{"line":16,"column":37},"end":{"line":16,"column":45}},{"start":{"line":16,"column":49},"end":{"line":16,"column":57}}]},"2":{"loc":{"start":{"line":24,"column":15},"end":{"line":24,"column":27}},"type":"binary-expr","locations":[{"start":{"line":24,"column":15},"end":{"line":24,"column":27}},{"start":{"line":24,"column":31},"end":{"line":24,"column":33}}]}},"s":{"0":2,"1":2,"2":2,"3":2,"4":2,"5":4,"6":4,"7":4,"8":4,"9":4,"10":4,"11":4,"12":4,"13":4,"14":2},"f":{"0":4,"1":4,"2":4},"b":{"0":[4,0],"1":[4,4],"2":[4,0]}},"/Users/adarshpastakia/Personal/ant-extensions/modules/super-date/src/components/date/DateDropdown.tsx":{"path":"/Users/adarshpastakia/Personal/ant-extensions/modules/super-date/src/components/date/DateDropdown.tsx","statementMap":{"0":{"start":{"line":6,"column":0},"end":{"line":6,"column":37}},"1":{"start":{"line":7,"column":0},"end":{"line":7,"column":50}},"2":{"start":{"line":8,"column":0},"end":{"line":8,"column":47}},"3":{"start":{"line":9,"column":0},"end":{"line":9,"column":54}},"4":{"start":{"line":10,"column":0},"end":{"line":10,"column":46}},"5":{"start":{"line":11,"column":0},"end":{"line":11,"column":52}},"6":{"start":{"line":12,"column":0},"end":{"line":12,"column":42}},"7":{"start":{"line":13,"column":0},"end":{"line":13,"column":44}},"8":{"start":{"line":15,"column":13},"end":{"line":41,"column":3}},"9":{"start":{"line":19,"column":30},"end":{"line":19,"column":44}},"10":{"start":{"line":19,"column":48},"end":{"line":19,"column":56}},"11":{"start":{"line":20,"column":10},"end":{"line":20,"column":11}},"12":{"start":{"line":22,"column":20},"end":{"line":22,"column":82}},"13":{"start":{"line":22,"column":40},"end":{"line":22,"column":68}},"14":{"start":{"line":24,"column":2},"end":{"line":40,"column":4}},"15":{"start":{"line":30,"column":8},"end":{"line":30,"column":37}},"16":{"start":{"line":42,"column":0},"end":{"line":42,"column":42}}},"fnMap":{"0":{"name":"(anonymous_0)","decl":{"start":{"line":19,"column":15},"end":{"line":19,"column":16}},"loc":{"start":{"line":19,"column":58},"end":{"line":41,"column":1}}},"1":{"name":"(anonymous_1)","decl":{"start":{"line":22,"column":34},"end":{"line":22,"column":40}},"loc":{"start":{"line":22,"column":34},"end":{"line":22,"column":53}}},"2":{"name":"(anonymous_2)","decl":{"start":{"line":29,"column":16},"end":{"line":29,"column":null}},"loc":{"start":{"line":29,"column":16},"end":{"line":31,"column":7}}}},"branchMap":{"0":{"loc":{"start":{"line":30,"column":8},"end":{"line":30,"column":13}},"type":"binary-expr","locations":[{"start":{"line":30,"column":8},"end":{"line":30,"column":13}},{"start":{"line":30,"column":17},"end":{"line":30,"column":36}}]}},"s":{"0":2,"1":2,"2":2,"3":2,"4":2,"5":2,"6":2,"7":2,"8":2,"9":0,"10":0,"11":0,"12":0,"13":0,"14":0,"15":0,"16":2},"f":{"0":0,"1":0,"2":0},"b":{"0":[0,0]}},"/Users/adarshpastakia/Personal/ant-extensions/modules/super-date/src/components/date/DatePicker.tsx":{"path":"/Users/adarshpastakia/Personal/ant-extensions/modules/super-date/src/components/date/DatePicker.tsx","statementMap":{"0":{"start":{"line":6,"column":0},"end":{"line":6,"column":40}},"1":{"start":{"line":7,"column":0},"end":{"line":7,"column":40}},"2":{"start":{"line":8,"column":0},"end":{"line":8,"column":64}},"3":{"start":{"line":9,"column":0},"end":{"line":9,"column":47}},"4":{"start":{"line":10,"column":0},"end":{"line":10,"column":50}},"5":{"start":{"line":11,"column":0},"end":{"line":11,"column":46}},"6":{"start":{"line":12,"column":0},"end":{"line":12,"column":48}},"7":{"start":{"line":14,"column":0},"end":{"line":14,"column":55}},"8":{"start":{"line":16,"column":13},"end":{"line":59,"column":3}},"9":{"start":{"line":16,"column":61},"end":{"line":16,"column":66}},"10":{"start":{"line":16,"column":68},"end":{"line":16,"column":76}},"11":{"start":{"line":17,"column":10},"end":{"line":17,"column":11}},"12":{"start":{"line":19,"column":8},"end":{"line":19,"column":9}},"13":{"start":{"line":19,"column":9},"end":{"line":19,"column":15}},"14":{"start":{"line":19,"column":17},"end":{"line":19,"column":47}},"15":{"start":{"line":21,"column":2},"end":{"line":25,"column":14}},"16":{"start":{"line":22,"column":4},"end":{"line":24,"column":null}},"17":{"start":{"line":23,"column":6},"end":{"line":23,"column":41}},"18":{"start":{"line":27,"column":19},"end":{"line":29,"column":8}},"19":{"start":{"line":28,"column":4},"end":{"line":28,"column":17}},"20":{"start":{"line":31,"column":20},"end":{"line":35,"column":24}},"21":{"start":{"line":32,"column":4},"end":{"line":34,"column":null}},"22":{"start":{"line":33,"column":6},"end":{"line":33,"column":57}},"23":{"start":{"line":37,"column":22},"end":{"line":47,"column":null}},"24":{"start":{"line":38,"column":10},"end":{"line":46,"column":null}},"25":{"start":{"line":50,"column":2},"end":{"line":58,"column":4}},"26":{"start":{"line":60,"column":0},"end":{"line":60,"column":38}}},"fnMap":{"0":{"name":"(anonymous_0)","decl":{"start":{"line":16,"column":58},"end":{"line":16,"column":59}},"loc":{"start":{"line":16,"column":78},"end":{"line":59,"column":1}}},"1":{"name":"(anonymous_1)","decl":{"start":{"line":21,"column":12},"end":{"line":21,"column":null}},"loc":{"start":{"line":21,"column":12},"end":{"line":25,"column":3}}},"2":{"name":"(anonymous_2)","decl":{"start":{"line":27,"column":31},"end":{"line":27,"column":32}},"loc":{"start":{"line":27,"column":42},"end":{"line":29,"column":3}}},"3":{"name":"(anonymous_3)","decl":{"start":{"line":31,"column":32},"end":{"line":31,"column":null}},"loc":{"start":{"line":31,"column":32},"end":{"line":35,"column":3}}},"4":{"name":"(anonymous_4)","decl":{"start":{"line":38,"column":4},"end":{"line":38,"column":10}},"loc":{"start":{"line":38,"column":4},"end":{"line":38,"column":null}}}},"branchMap":{"0":{"loc":{"start":{"line":22,"column":4},"end":{"line":24,"column":null}},"type":"if","locations":[{"start":{"line":22,"column":4},"end":{"line":24,"column":null}},{"start":{"line":22,"column":4},"end":{"line":24,"column":null}}]},"1":{"loc":{"start":{"line":22,"column":8},"end":{"line":22,"column":13}},"type":"binary-expr","locations":[{"start":{"line":22,"column":8},"end":{"line":22,"column":13}},{"start":{"line":22,"column":17},"end":{"line":22,"column":30}}]},"2":{"loc":{"start":{"line":32,"column":4},"end":{"line":34,"column":null}},"type":"if","locations":[{"start":{"line":32,"column":4},"end":{"line":34,"column":null}},{"start":{"line":32,"column":4},"end":{"line":34,"column":null}}]},"3":{"loc":{"start":{"line":32,"column":8},"end":{"line":32,"column":14}},"type":"binary-expr","locations":[{"start":{"line":32,"column":8},"end":{"line":32,"column":14}},{"start":{"line":32,"column":18},"end":{"line":32,"column":26}}]}},"s":{"0":2,"1":2,"2":2,"3":2,"4":2,"5":2,"6":2,"7":2,"8":2,"9":0,"10":0,"11":0,"12":0,"13":0,"14":0,"15":0,"16":0,"17":0,"18":0,"19":0,"20":0,"21":0,"22":0,"23":0,"24":0,"25":0,"26":2},"f":{"0":0,"1":0,"2":0,"3":0,"4":0},"b":{"0":[0,0],"1":[0,0],"2":[0,0],"3":[0,0]}},"/Users/adarshpastakia/Personal/ant-extensions/modules/super-date/src/components/date/DatePresets.tsx":{"path":"/Users/adarshpastakia/Personal/ant-extensions/modules/super-date/src/components/date/DatePresets.tsx","statementMap":{"0":{"start":{"line":6,"column":0},"end":{"line":6,"column":31}},"1":{"start":{"line":7,"column":0},"end":{"line":7,"column":26}},"2":{"start":{"line":9,"column":0},"end":{"line":9,"column":46}},"3":{"start":{"line":10,"column":0},"end":{"line":10,"column":44}},"4":{"start":{"line":12,"column":13},"end":{"line":20,"column":3}},"5":{"start":{"line":13,"column":2},"end":{"line":19,"column":4}},"6":{"start":{"line":21,"column":0},"end":{"line":21,"column":40}}},"fnMap":{"0":{"name":"(anonymous_0)","decl":{"start":{"line":12,"column":59},"end":{"line":12,"column":60}},"loc":{"start":{"line":12,"column":65},"end":{"line":20,"column":1}}}},"branchMap":{},"s":{"0":2,"1":2,"2":2,"3":2,"4":2,"5":0,"6":2},"f":{"0":0},"b":{}},"/Users/adarshpastakia/Personal/ant-extensions/modules/super-date/src/components/date/QuickPresets.tsx":{"path":"/Users/adarshpastakia/Personal/ant-extensions/modules/super-date/src/components/date/QuickPresets.tsx","statementMap":{"0":{"start":{"line":6,"column":0},"end":{"line":6,"column":42}},"1":{"start":{"line":7,"column":0},"end":{"line":7,"column":43}},"2":{"start":{"line":8,"column":0},"end":{"line":8,"column":47}},"3":{"start":{"line":9,"column":0},"end":{"line":9,"column":55}},"4":{"start":{"line":10,"column":0},"end":{"line":10,"column":46}},"5":{"start":{"line":11,"column":0},"end":{"line":11,"column":57}},"6":{"start":{"line":13,"column":28},"end":{"line":13,"column":58}},"7":{"start":{"line":15,"column":13},"end":{"line":40,"column":3}},"8":{"start":{"line":15,"column":63},"end":{"line":15,"column":71}},"9":{"start":{"line":16,"column":10},"end":{"line":16,"column":11}},"10":{"start":{"line":18,"column":23},"end":{"line":23,"column":null}},"11":{"start":{"line":20,"column":14},"end":{"line":20,"column":36}},"12":{"start":{"line":21,"column":6},"end":{"line":21,"column":40}},"13":{"start":{"line":26,"column":2},"end":{"line":39,"column":4}},"14":{"start":{"line":29,"column":29},"end":{"line":37,"column":8}},"15":{"start":{"line":31,"column":26},"end":{"line":35,"column":12}},"16":{"start":{"line":41,"column":0},"end":{"line":41,"column":42}}},"fnMap":{"0":{"name":"(anonymous_0)","decl":{"start":{"line":15,"column":60},"end":{"line":15,"column":61}},"loc":{"start":{"line":15,"column":73},"end":{"line":40,"column":1}}},"1":{"name":"(anonymous_1)","decl":{"start":{"line":19,"column":4},"end":{"line":19,"column":5}},"loc":{"start":{"line":19,"column":37},"end":{"line":22,"column":5}}},"2":{"name":"(anonymous_2)","decl":{"start":{"line":29,"column":19},"end":{"line":29,"column":20}},"loc":{"start":{"line":29,"column":24},"end":{"line":29,"column":null}}},"3":{"name":"(anonymous_3)","decl":{"start":{"line":31,"column":17},"end":{"line":31,"column":18}},"loc":{"start":{"line":31,"column":21},"end":{"line":31,"column":null}}}},"branchMap":{"0":{"loc":{"start":{"line":20,"column":14},"end":{"line":20,"column":36}},"type":"cond-expr","locations":[{"start":{"line":20,"column":14},"end":{"line":20,"column":36}},{"start":{"line":20,"column":14},"end":{"line":20,"column":36}}]},"1":{"loc":{"start":{"line":21,"column":6},"end":{"line":21,"column":14}},"type":"binary-expr","locations":[{"start":{"line":21,"column":6},"end":{"line":21,"column":14}},{"start":{"line":21,"column":18},"end":{"line":21,"column":39}}]}},"s":{"0":2,"1":2,"2":2,"3":2,"4":2,"5":2,"6":2,"7":2,"8":0,"9":0,"10":0,"11":0,"12":0,"13":0,"14":0,"15":0,"16":2},"f":{"0":0,"1":0,"2":0,"3":0},"b":{"0":[0,0],"1":[0,0]}},"/Users/adarshpastakia/Personal/ant-extensions/modules/super-date/src/components/date/QuickSelect.tsx":{"path":"/Users/adarshpastakia/Personal/ant-extensions/modules/super-date/src/components/date/QuickSelect.tsx","statementMap":{"0":{"start":{"line":6,"column":0},"end":{"line":6,"column":43}},"1":{"start":{"line":7,"column":0},"end":{"line":7,"column":64}},"2":{"start":{"line":8,"column":0},"end":{"line":8,"column":47}},"3":{"start":{"line":9,"column":0},"end":{"line":9,"column":46}},"4":{"start":{"line":10,"column":0},"end":{"line":10,"column":52}},"5":{"start":{"line":12,"column":0},"end":{"line":12,"column":56}},"6":{"start":{"line":14,"column":13},"end":{"line":40,"column":3}},"7":{"start":{"line":14,"column":62},"end":{"line":14,"column":67}},"8":{"start":{"line":14,"column":69},"end":{"line":14,"column":77}},"9":{"start":{"line":15,"column":10},"end":{"line":15,"column":11}},"10":{"start":{"line":16,"column":8},"end":{"line":16,"column":9}},"11":{"start":{"line":16,"column":9},"end":{"line":16,"column":15}},"12":{"start":{"line":16,"column":17},"end":{"line":16,"column":59}},"13":{"start":{"line":18,"column":2},"end":{"line":22,"column":14}},"14":{"start":{"line":19,"column":4},"end":{"line":21,"column":null}},"15":{"start":{"line":20,"column":6},"end":{"line":20,"column":22}},"16":{"start":{"line":24,"column":24},"end":{"line":28,"column":24}},"17":{"start":{"line":25,"column":4},"end":{"line":27,"column":null}},"18":{"start":{"line":26,"column":6},"end":{"line":26,"column":35}},"19":{"start":{"line":30,"column":2},"end":{"line":39,"column":4}},"20":{"start":{"line":41,"column":0},"end":{"line":41,"column":40}}},"fnMap":{"0":{"name":"(anonymous_0)","decl":{"start":{"line":14,"column":59},"end":{"line":14,"column":60}},"loc":{"start":{"line":14,"column":79},"end":{"line":40,"column":1}}},"1":{"name":"(anonymous_1)","decl":{"start":{"line":18,"column":12},"end":{"line":18,"column":null}},"loc":{"start":{"line":18,"column":12},"end":{"line":22,"column":3}}},"2":{"name":"(anonymous_2)","decl":{"start":{"line":24,"column":36},"end":{"line":24,"column":null}},"loc":{"start":{"line":24,"column":36},"end":{"line":28,"column":3}}}},"branchMap":{"0":{"loc":{"start":{"line":19,"column":4},"end":{"line":21,"column":null}},"type":"if","locations":[{"start":{"line":19,"column":4},"end":{"line":21,"column":null}},{"start":{"line":19,"column":4},"end":{"line":21,"column":null}}]},"1":{"loc":{"start":{"line":19,"column":8},"end":{"line":19,"column":13}},"type":"binary-expr","locations":[{"start":{"line":19,"column":8},"end":{"line":19,"column":13}},{"start":{"line":19,"column":17},"end":{"line":19,"column":34}},{"start":{"line":19,"column":38},"end":{"line":19,"column":57}}]},"2":{"loc":{"start":{"line":25,"column":4},"end":{"line":27,"column":null}},"type":"if","locations":[{"start":{"line":25,"column":4},"end":{"line":27,"column":null}},{"start":{"line":25,"column":4},"end":{"line":27,"column":null}}]},"3":{"loc":{"start":{"line":26,"column":6},"end":{"line":26,"column":14}},"type":"binary-expr","locations":[{"start":{"line":26,"column":6},"end":{"line":26,"column":14}},{"start":{"line":26,"column":18},"end":{"line":26,"column":34}}]}},"s":{"0":2,"1":2,"2":2,"3":2,"4":2,"5":2,"6":2,"7":0,"8":0,"9":0,"10":0,"11":0,"12":0,"13":0,"14":0,"15":0,"16":0,"17":0,"18":0,"19":0,"20":2},"f":{"0":0,"1":0,"2":0},"b":{"0":[0,0],"1":[0,0,0],"2":[0,0],"3":[0,0]}},"/Users/adarshpastakia/Personal/ant-extensions/modules/super-date/src/components/common/RelativeInput.tsx":{"path":"/Users/adarshpastakia/Personal/ant-extensions/modules/super-date/src/components/common/RelativeInput.tsx","statementMap":{"0":{"start":{"line":6,"column":0},"end":{"line":6,"column":50}},"1":{"start":{"line":7,"column":0},"end":{"line":7,"column":64}},"2":{"start":{"line":8,"column":0},"end":{"line":8,"column":47}},"3":{"start":{"line":9,"column":0},"end":{"line":9,"column":53}},"4":{"start":{"line":10,"column":0},"end":{"line":10,"column":46}},"5":{"start":{"line":11,"column":0},"end":{"line":11,"column":48}},"6":{"start":{"line":12,"column":0},"end":{"line":12,"column":68}},"7":{"start":{"line":14,"column":13},"end":{"line":60,"column":3}},"8":{"start":{"line":14,"column":64},"end":{"line":14,"column":69}},"9":{"start":{"line":14,"column":71},"end":{"line":14,"column":79}},"10":{"start":{"line":15,"column":10},"end":{"line":15,"column":11}},"11":{"start":{"line":16,"column":8},"end":{"line":16,"column":9}},"12":{"start":{"line":16,"column":9},"end":{"line":16,"column":14}},"13":{"start":{"line":16,"column":16},"end":{"line":16,"column":91}},"14":{"start":{"line":18,"column":2},"end":{"line":22,"column":14}},"15":{"start":{"line":19,"column":4},"end":{"line":21,"column":null}},"16":{"start":{"line":20,"column":6},"end":{"line":20,"column":82}},"17":{"start":{"line":24,"column":18},"end":{"line":30,"column":null}},"18":{"start":{"line":26,"column":20},"end":{"line":26,"column":49}},"19":{"start":{"line":27,"column":6},"end":{"line":27,"column":25}},"20":{"start":{"line":28,"column":6},"end":{"line":28,"column":77}},"21":{"start":{"line":33,"column":2},"end":{"line":59,"column":4}},"22":{"start":{"line":37,"column":25},"end":{"line":37,"column":null}},"23":{"start":{"line":42,"column":25},"end":{"line":42,"column":null}},"24":{"start":{"line":48,"column":24},"end":{"line":52,"column":12}},"25":{"start":{"line":54,"column":31},"end":{"line":54,"column":60}}},"fnMap":{"0":{"name":"(anonymous_0)","decl":{"start":{"line":14,"column":61},"end":{"line":14,"column":62}},"loc":{"start":{"line":14,"column":81},"end":{"line":60,"column":1}}},"1":{"name":"(anonymous_1)","decl":{"start":{"line":18,"column":12},"end":{"line":18,"column":null}},"loc":{"start":{"line":18,"column":12},"end":{"line":22,"column":3}}},"2":{"name":"(anonymous_2)","decl":{"start":{"line":25,"column":4},"end":{"line":25,"column":5}},"loc":{"start":{"line":25,"column":43},"end":{"line":29,"column":5}}},"3":{"name":"(anonymous_3)","decl":{"start":{"line":37,"column":18},"end":{"line":37,"column":19}},"loc":{"start":{"line":37,"column":20},"end":{"line":37,"column":32}}},"4":{"name":"(anonymous_4)","decl":{"start":{"line":42,"column":18},"end":{"line":42,"column":19}},"loc":{"start":{"line":42,"column":20},"end":{"line":42,"column":32}}},"5":{"name":"(anonymous_5)","decl":{"start":{"line":48,"column":15},"end":{"line":48,"column":16}},"loc":{"start":{"line":48,"column":19},"end":{"line":48,"column":null}}},"6":{"name":"(anonymous_6)","decl":{"start":{"line":54,"column":24},"end":{"line":54,"column":25}},"loc":{"start":{"line":54,"column":26},"end":{"line":54,"column":38}}}},"branchMap":{"0":{"loc":{"start":{"line":19,"column":4},"end":{"line":21,"column":null}},"type":"if","locations":[{"start":{"line":19,"column":4},"end":{"line":21,"column":null}},{"start":{"line":19,"column":4},"end":{"line":21,"column":null}}]},"1":{"loc":{"start":{"line":20,"column":15},"end":{"line":20,"column":34}},"type":"binary-expr","locations":[{"start":{"line":20,"column":15},"end":{"line":20,"column":34}},{"start":{"line":20,"column":38},"end":{"line":20,"column":80}}]},"2":{"loc":{"start":{"line":28,"column":6},"end":{"line":28,"column":14}},"type":"binary-expr","locations":[{"start":{"line":28,"column":6},"end":{"line":28,"column":14}},{"start":{"line":28,"column":18},"end":{"line":28,"column":76}}]}},"s":{"0":2,"1":2,"2":2,"3":2,"4":2,"5":2,"6":2,"7":2,"8":0,"9":0,"10":0,"11":0,"12":0,"13":0,"14":0,"15":0,"16":0,"17":0,"18":0,"19":0,"20":0,"21":0,"22":0,"23":0,"24":0,"25":0},"f":{"0":0,"1":0,"2":0,"3":0,"4":0,"5":0,"6":0},"b":{"0":[0,0],"1":[0,0],"2":[0,0]}},"/Users/adarshpastakia/Personal/ant-extensions/modules/super-date/src/components/range/RangeDropdown.tsx":{"path":"/Users/adarshpastakia/Personal/ant-extensions/modules/super-date/src/components/range/RangeDropdown.tsx","statementMap":{"0":{"start":{"line":6,"column":0},"end":{"line":6,"column":37}},"1":{"start":{"line":7,"column":0},"end":{"line":7,"column":50}},"2":{"start":{"line":8,"column":0},"end":{"line":8,"column":47}},"3":{"start":{"line":9,"column":0},"end":{"line":9,"column":54}},"4":{"start":{"line":10,"column":0},"end":{"line":10,"column":46}},"5":{"start":{"line":11,"column":0},"end":{"line":11,"column":52}},"6":{"start":{"line":12,"column":0},"end":{"line":12,"column":44}},"7":{"start":{"line":13,"column":0},"end":{"line":13,"column":46}},"8":{"start":{"line":14,"column":0},"end":{"line":14,"column":46}},"9":{"start":{"line":16,"column":13},"end":{"line":45,"column":3}},"10":{"start":{"line":20,"column":30},"end":{"line":20,"column":44}},"11":{"start":{"line":20,"column":48},"end":{"line":20,"column":56}},"12":{"start":{"line":21,"column":10},"end":{"line":21,"column":11}},"13":{"start":{"line":23,"column":20},"end":{"line":23,"column":82}},"14":{"start":{"line":23,"column":40},"end":{"line":23,"column":68}},"15":{"start":{"line":25,"column":2},"end":{"line":44,"column":4}},"16":{"start":{"line":31,"column":8},"end":{"line":31,"column":37}},"17":{"start":{"line":46,"column":0},"end":{"line":46,"column":44}}},"fnMap":{"0":{"name":"(anonymous_0)","decl":{"start":{"line":20,"column":15},"end":{"line":20,"column":16}},"loc":{"start":{"line":20,"column":58},"end":{"line":45,"column":1}}},"1":{"name":"(anonymous_1)","decl":{"start":{"line":23,"column":34},"end":{"line":23,"column":40}},"loc":{"start":{"line":23,"column":34},"end":{"line":23,"column":53}}},"2":{"name":"(anonymous_2)","decl":{"start":{"line":30,"column":16},"end":{"line":30,"column":null}},"loc":{"start":{"line":30,"column":16},"end":{"line":32,"column":7}}}},"branchMap":{"0":{"loc":{"start":{"line":31,"column":8},"end":{"line":31,"column":13}},"type":"binary-expr","locations":[{"start":{"line":31,"column":8},"end":{"line":31,"column":13}},{"start":{"line":31,"column":17},"end":{"line":31,"column":36}}]}},"s":{"0":2,"1":2,"2":2,"3":2,"4":2,"5":2,"6":2,"7":2,"8":2,"9":2,"10":0,"11":0,"12":0,"13":0,"14":0,"15":0,"16":0,"17":2},"f":{"0":0,"1":0,"2":0},"b":{"0":[0,0]}},"/Users/adarshpastakia/Personal/ant-extensions/modules/super-date/src/components/range/RangePicker.tsx":{"path":"/Users/adarshpastakia/Personal/ant-extensions/modules/super-date/src/components/range/RangePicker.tsx","statementMap":{"0":{"start":{"line":6,"column":0},"end":{"line":6,"column":40}},"1":{"start":{"line":7,"column":0},"end":{"line":7,"column":40}},"2":{"start":{"line":8,"column":0},"end":{"line":8,"column":64}},"3":{"start":{"line":9,"column":0},"end":{"line":9,"column":47}},"4":{"start":{"line":10,"column":0},"end":{"line":10,"column":50}},"5":{"start":{"line":11,"column":0},"end":{"line":11,"column":46}},"6":{"start":{"line":12,"column":0},"end":{"line":12,"column":48}},"7":{"start":{"line":14,"column":0},"end":{"line":14,"column":57}},"8":{"start":{"line":16,"column":13},"end":{"line":61,"column":3}},"9":{"start":{"line":16,"column":62},"end":{"line":16,"column":67}},"10":{"start":{"line":16,"column":69},"end":{"line":16,"column":77}},"11":{"start":{"line":17,"column":10},"end":{"line":17,"column":11}},"12":{"start":{"line":19,"column":8},"end":{"line":19,"column":9}},"13":{"start":{"line":19,"column":9},"end":{"line":19,"column":15}},"14":{"start":{"line":19,"column":17},"end":{"line":19,"column":57}},"15":{"start":{"line":21,"column":2},"end":{"line":28,"column":14}},"16":{"start":{"line":22,"column":4},"end":{"line":27,"column":null}},"17":{"start":{"line":23,"column":12},"end":{"line":23,"column":13}},"18":{"start":{"line":23,"column":13},"end":{"line":23,"column":18}},"19":{"start":{"line":23,"column":20},"end":{"line":23,"column":43}},"20":{"start":{"line":24,"column":6},"end":{"line":26,"column":null}},"21":{"start":{"line":25,"column":8},"end":{"line":25,"column":69}},"22":{"start":{"line":30,"column":19},"end":{"line":32,"column":8}},"23":{"start":{"line":31,"column":4},"end":{"line":31,"column":17}},"24":{"start":{"line":34,"column":21},"end":{"line":38,"column":24}},"25":{"start":{"line":35,"column":4},"end":{"line":37,"column":null}},"26":{"start":{"line":36,"column":6},"end":{"line":36,"column":100}},"27":{"start":{"line":40,"column":22},"end":{"line":50,"column":null}},"28":{"start":{"line":41,"column":10},"end":{"line":49,"column":null}},"29":{"start":{"line":53,"column":2},"end":{"line":60,"column":4}},"30":{"start":{"line":62,"column":0},"end":{"line":62,"column":40}}},"fnMap":{"0":{"name":"(anonymous_0)","decl":{"start":{"line":16,"column":59},"end":{"line":16,"column":60}},"loc":{"start":{"line":16,"column":79},"end":{"line":61,"column":1}}},"1":{"name":"(anonymous_1)","decl":{"start":{"line":21,"column":12},"end":{"line":21,"column":null}},"loc":{"start":{"line":21,"column":12},"end":{"line":28,"column":3}}},"2":{"name":"(anonymous_2)","decl":{"start":{"line":30,"column":31},"end":{"line":30,"column":32}},"loc":{"start":{"line":30,"column":52},"end":{"line":32,"column":3}}},"3":{"name":"(anonymous_3)","decl":{"start":{"line":34,"column":33},"end":{"line":34,"column":null}},"loc":{"start":{"line":34,"column":33},"end":{"line":38,"column":3}}},"4":{"name":"(anonymous_4)","decl":{"start":{"line":41,"column":4},"end":{"line":41,"column":10}},"loc":{"start":{"line":41,"column":4},"end":{"line":41,"column":null}}}},"branchMap":{"0":{"loc":{"start":{"line":22,"column":4},"end":{"line":27,"column":null}},"type":"if","locations":[{"start":{"line":22,"column":4},"end":{"line":27,"column":null}},{"start":{"line":22,"column":4},"end":{"line":27,"column":null}}]},"1":{"loc":{"start":{"line":22,"column":8},"end":{"line":22,"column":13}},"type":"binary-expr","locations":[{"start":{"line":22,"column":8},"end":{"line":22,"column":13}},{"start":{"line":22,"column":17},"end":{"line":22,"column":36}}]},"2":{"loc":{"start":{"line":24,"column":6},"end":{"line":26,"column":null}},"type":"if","locations":[{"start":{"line":24,"column":6},"end":{"line":26,"column":null}},{"start":{"line":24,"column":6},"end":{"line":26,"column":null}}]},"3":{"loc":{"start":{"line":24,"column":10},"end":{"line":24,"column":23}},"type":"binary-expr","locations":[{"start":{"line":24,"column":10},"end":{"line":24,"column":23}},{"start":{"line":24,"column":27},"end":{"line":24,"column":38}}]},"4":{"loc":{"start":{"line":35,"column":4},"end":{"line":37,"column":null}},"type":"if","locations":[{"start":{"line":35,"column":4},"end":{"line":37,"column":null}},{"start":{"line":35,"column":4},"end":{"line":37,"column":null}}]},"5":{"loc":{"start":{"line":35,"column":8},"end":{"line":35,"column":14}},"type":"binary-expr","locations":[{"start":{"line":35,"column":8},"end":{"line":35,"column":14}},{"start":{"line":35,"column":18},"end":{"line":35,"column":26}}]}},"s":{"0":2,"1":2,"2":2,"3":2,"4":2,"5":2,"6":2,"7":2,"8":2,"9":0,"10":0,"11":0,"12":0,"13":0,"14":0,"15":0,"16":0,"17":0,"18":0,"19":0,"20":0,"21":0,"22":0,"23":0,"24":0,"25":0,"26":0,"27":0,"28":0,"29":0,"30":2},"f":{"0":0,"1":0,"2":0,"3":0,"4":0},"b":{"0":[0,0],"1":[0,0],"2":[0,0],"3":[0,0],"4":[0,0],"5":[0,0]}},"/Users/adarshpastakia/Personal/ant-extensions/modules/super-date/src/components/range/RangePresets.tsx":{"path":"/Users/adarshpastakia/Personal/ant-extensions/modules/super-date/src/components/range/RangePresets.tsx","statementMap":{"0":{"start":{"line":6,"column":0},"end":{"line":6,"column":31}},"1":{"start":{"line":7,"column":0},"end":{"line":7,"column":26}},"2":{"start":{"line":9,"column":0},"end":{"line":9,"column":46}},"3":{"start":{"line":10,"column":0},"end":{"line":10,"column":44}},"4":{"start":{"line":12,"column":13},"end":{"line":20,"column":3}},"5":{"start":{"line":13,"column":2},"end":{"line":19,"column":4}},"6":{"start":{"line":21,"column":0},"end":{"line":21,"column":42}}},"fnMap":{"0":{"name":"(anonymous_0)","decl":{"start":{"line":12,"column":60},"end":{"line":12,"column":61}},"loc":{"start":{"line":12,"column":66},"end":{"line":20,"column":1}}}},"branchMap":{},"s":{"0":2,"1":2,"2":2,"3":2,"4":2,"5":0,"6":2},"f":{"0":0},"b":{}},"/Users/adarshpastakia/Personal/ant-extensions/modules/super-date/src/components/range/QuickPresets.tsx":{"path":"/Users/adarshpastakia/Personal/ant-extensions/modules/super-date/src/components/range/QuickPresets.tsx","statementMap":{"0":{"start":{"line":6,"column":0},"end":{"line":6,"column":42}},"1":{"start":{"line":7,"column":0},"end":{"line":7,"column":43}},"2":{"start":{"line":8,"column":0},"end":{"line":8,"column":47}},"3":{"start":{"line":9,"column":0},"end":{"line":9,"column":55}},"4":{"start":{"line":10,"column":0},"end":{"line":10,"column":46}},"5":{"start":{"line":11,"column":0},"end":{"line":11,"column":57}},"6":{"start":{"line":13,"column":28},"end":{"line":17,"column":2}},"7":{"start":{"line":19,"column":13},"end":{"line":44,"column":3}},"8":{"start":{"line":19,"column":63},"end":{"line":19,"column":71}},"9":{"start":{"line":20,"column":10},"end":{"line":20,"column":11}},"10":{"start":{"line":22,"column":23},"end":{"line":27,"column":null}},"11":{"start":{"line":24,"column":14},"end":{"line":24,"column":36}},"12":{"start":{"line":25,"column":6},"end":{"line":25,"column":50}},"13":{"start":{"line":30,"column":2},"end":{"line":43,"column":4}},"14":{"start":{"line":33,"column":29},"end":{"line":41,"column":8}},"15":{"start":{"line":35,"column":26},"end":{"line":39,"column":12}},"16":{"start":{"line":45,"column":0},"end":{"line":45,"column":42}}},"fnMap":{"0":{"name":"(anonymous_0)","decl":{"start":{"line":19,"column":60},"end":{"line":19,"column":61}},"loc":{"start":{"line":19,"column":73},"end":{"line":44,"column":1}}},"1":{"name":"(anonymous_1)","decl":{"start":{"line":23,"column":4},"end":{"line":23,"column":5}},"loc":{"start":{"line":23,"column":37},"end":{"line":26,"column":5}}},"2":{"name":"(anonymous_2)","decl":{"start":{"line":33,"column":19},"end":{"line":33,"column":20}},"loc":{"start":{"line":33,"column":24},"end":{"line":33,"column":null}}},"3":{"name":"(anonymous_3)","decl":{"start":{"line":35,"column":17},"end":{"line":35,"column":18}},"loc":{"start":{"line":35,"column":21},"end":{"line":35,"column":null}}}},"branchMap":{"0":{"loc":{"start":{"line":24,"column":14},"end":{"line":24,"column":36}},"type":"cond-expr","locations":[{"start":{"line":24,"column":14},"end":{"line":24,"column":36}},{"start":{"line":24,"column":14},"end":{"line":24,"column":36}}]},"1":{"loc":{"start":{"line":25,"column":6},"end":{"line":25,"column":14}},"type":"binary-expr","locations":[{"start":{"line":25,"column":6},"end":{"line":25,"column":14}},{"start":{"line":25,"column":18},"end":{"line":25,"column":49}}]}},"s":{"0":2,"1":2,"2":2,"3":2,"4":2,"5":2,"6":2,"7":2,"8":0,"9":0,"10":0,"11":0,"12":0,"13":0,"14":0,"15":0,"16":2},"f":{"0":0,"1":0,"2":0,"3":0},"b":{"0":[0,0],"1":[0,0]}},"/Users/adarshpastakia/Personal/ant-extensions/modules/super-date/src/components/range/QuickSelect.tsx":{"path":"/Users/adarshpastakia/Personal/ant-extensions/modules/super-date/src/components/range/QuickSelect.tsx","statementMap":{"0":{"start":{"line":6,"column":0},"end":{"line":6,"column":43}},"1":{"start":{"line":7,"column":0},"end":{"line":7,"column":64}},"2":{"start":{"line":8,"column":0},"end":{"line":8,"column":47}},"3":{"start":{"line":9,"column":0},"end":{"line":9,"column":54}},"4":{"start":{"line":10,"column":0},"end":{"line":10,"column":46}},"5":{"start":{"line":11,"column":0},"end":{"line":11,"column":68}},"6":{"start":{"line":12,"column":0},"end":{"line":12,"column":56}},"7":{"start":{"line":14,"column":13},"end":{"line":46,"column":3}},"8":{"start":{"line":14,"column":62},"end":{"line":14,"column":67}},"9":{"start":{"line":14,"column":69},"end":{"line":14,"column":77}},"10":{"start":{"line":15,"column":10},"end":{"line":15,"column":11}},"11":{"start":{"line":16,"column":8},"end":{"line":16,"column":9}},"12":{"start":{"line":16,"column":9},"end":{"line":16,"column":15}},"13":{"start":{"line":16,"column":17},"end":{"line":16,"column":59}},"14":{"start":{"line":18,"column":2},"end":{"line":28,"column":14}},"15":{"start":{"line":19,"column":4},"end":{"line":27,"column":null}},"16":{"start":{"line":20,"column":12},"end":{"line":20,"column":13}},"17":{"start":{"line":20,"column":13},"end":{"line":20,"column":18}},"18":{"start":{"line":20,"column":20},"end":{"line":20,"column":43}},"19":{"start":{"line":21,"column":6},"end":{"line":23,"column":null}},"20":{"start":{"line":22,"column":8},"end":{"line":22,"column":24}},"21":{"start":{"line":24,"column":6},"end":{"line":26,"column":null}},"22":{"start":{"line":25,"column":8},"end":{"line":25,"column":22}},"23":{"start":{"line":30,"column":24},"end":{"line":34,"column":24}},"24":{"start":{"line":31,"column":4},"end":{"line":33,"column":null}},"25":{"start":{"line":32,"column":6},"end":{"line":32,"column":50}},"26":{"start":{"line":36,"column":2},"end":{"line":45,"column":4}},"27":{"start":{"line":47,"column":0},"end":{"line":47,"column":40}}},"fnMap":{"0":{"name":"(anonymous_0)","decl":{"start":{"line":14,"column":59},"end":{"line":14,"column":60}},"loc":{"start":{"line":14,"column":79},"end":{"line":46,"column":1}}},"1":{"name":"(anonymous_1)","decl":{"start":{"line":18,"column":12},"end":{"line":18,"column":null}},"loc":{"start":{"line":18,"column":12},"end":{"line":28,"column":3}}},"2":{"name":"(anonymous_2)","decl":{"start":{"line":30,"column":36},"end":{"line":30,"column":null}},"loc":{"start":{"line":30,"column":36},"end":{"line":34,"column":3}}}},"branchMap":{"0":{"loc":{"start":{"line":19,"column":4},"end":{"line":27,"column":null}},"type":"if","locations":[{"start":{"line":19,"column":4},"end":{"line":27,"column":null}},{"start":{"line":19,"column":4},"end":{"line":27,"column":null}}]},"1":{"loc":{"start":{"line":19,"column":8},"end":{"line":19,"column":13}},"type":"binary-expr","locations":[{"start":{"line":19,"column":8},"end":{"line":19,"column":13}},{"start":{"line":19,"column":17},"end":{"line":19,"column":36}},{"start":{"line":19,"column":40},"end":{"line":19,"column":69}}]},"2":{"loc":{"start":{"line":21,"column":6},"end":{"line":23,"column":null}},"type":"if","locations":[{"start":{"line":21,"column":6},"end":{"line":23,"column":null}},{"start":{"line":21,"column":6},"end":{"line":23,"column":null}}]},"3":{"loc":{"start":{"line":24,"column":6},"end":{"line":26,"column":null}},"type":"if","locations":[{"start":{"line":24,"column":6},"end":{"line":26,"column":null}},{"start":{"line":24,"column":6},"end":{"line":26,"column":null}}]},"4":{"loc":{"start":{"line":31,"column":4},"end":{"line":33,"column":null}},"type":"if","locations":[{"start":{"line":31,"column":4},"end":{"line":33,"column":null}},{"start":{"line":31,"column":4},"end":{"line":33,"column":null}}]},"5":{"loc":{"start":{"line":32,"column":6},"end":{"line":32,"column":14}},"type":"binary-expr","locations":[{"start":{"line":32,"column":6},"end":{"line":32,"column":14}},{"start":{"line":32,"column":18},"end":{"line":32,"column":49}}]}},"s":{"0":2,"1":2,"2":2,"3":2,"4":2,"5":2,"6":2,"7":2,"8":0,"9":0,"10":0,"11":0,"12":0,"13":0,"14":0,"15":0,"16":0,"17":0,"18":0,"19":0,"20":0,"21":0,"22":0,"23":0,"24":0,"25":0,"26":0,"27":2},"f":{"0":0,"1":0,"2":0},"b":{"0":[0,0],"1":[0,0,0],"2":[0,0],"3":[0,0],"4":[0,0],"5":[0,0]}},"/Users/adarshpastakia/Personal/ant-extensions/modules/super-date/src/components/range/RelativeForm.tsx":{"path":"/Users/adarshpastakia/Personal/ant-extensions/modules/super-date/src/components/range/RelativeForm.tsx","statementMap":{"0":{"start":{"line":6,"column":0},"end":{"line":6,"column":46}},"1":{"start":{"line":7,"column":0},"end":{"line":7,"column":64}},"2":{"start":{"line":8,"column":0},"end":{"line":8,"column":47}},"3":{"start":{"line":9,"column":0},"end":{"line":9,"column":54}},"4":{"start":{"line":10,"column":0},"end":{"line":10,"column":46}},"5":{"start":{"line":11,"column":0},"end":{"line":11,"column":52}},"6":{"start":{"line":12,"column":0},"end":{"line":12,"column":68}},"7":{"start":{"line":13,"column":0},"end":{"line":13,"column":56}},"8":{"start":{"line":15,"column":19},"end":{"line":18,"column":2}},"9":{"start":{"line":20,"column":13},"end":{"line":61,"column":3}},"10":{"start":{"line":20,"column":63},"end":{"line":20,"column":68}},"11":{"start":{"line":20,"column":70},"end":{"line":20,"column":78}},"12":{"start":{"line":21,"column":10},"end":{"line":21,"column":11}},"13":{"start":{"line":23,"column":8},"end":{"line":23,"column":9}},"14":{"start":{"line":23,"column":9},"end":{"line":23,"column":15}},"15":{"start":{"line":23,"column":17},"end":{"line":23,"column":59}},"16":{"start":{"line":24,"column":8},"end":{"line":24,"column":9}},"17":{"start":{"line":24,"column":9},"end":{"line":24,"column":13}},"18":{"start":{"line":24,"column":15},"end":{"line":24,"column":55}},"19":{"start":{"line":26,"column":2},"end":{"line":34,"column":14}},"20":{"start":{"line":27,"column":4},"end":{"line":33,"column":null}},"21":{"start":{"line":28,"column":12},"end":{"line":28,"column":13}},"22":{"start":{"line":28,"column":13},"end":{"line":28,"column":18}},"23":{"start":{"line":28,"column":20},"end":{"line":28,"column":43}},"24":{"start":{"line":29,"column":6},"end":{"line":32,"column":null}},"25":{"start":{"line":30,"column":8},"end":{"line":30,"column":24}},"26":{"start":{"line":31,"column":8},"end":{"line":31,"column":20}},"27":{"start":{"line":36,"column":24},"end":{"line":40,"column":30}},"28":{"start":{"line":37,"column":4},"end":{"line":39,"column":null}},"29":{"start":{"line":38,"column":6},"end":{"line":38,"column":56}},"30":{"start":{"line":42,"column":2},"end":{"line":60,"column":4}},"31":{"start":{"line":62,"column":0},"end":{"line":62,"column":42}}},"fnMap":{"0":{"name":"(anonymous_0)","decl":{"start":{"line":20,"column":60},"end":{"line":20,"column":61}},"loc":{"start":{"line":20,"column":80},"end":{"line":61,"column":1}}},"1":{"name":"(anonymous_1)","decl":{"start":{"line":26,"column":12},"end":{"line":26,"column":null}},"loc":{"start":{"line":26,"column":12},"end":{"line":34,"column":3}}},"2":{"name":"(anonymous_2)","decl":{"start":{"line":36,"column":36},"end":{"line":36,"column":null}},"loc":{"start":{"line":36,"column":36},"end":{"line":40,"column":3}}}},"branchMap":{"0":{"loc":{"start":{"line":27,"column":4},"end":{"line":33,"column":null}},"type":"if","locations":[{"start":{"line":27,"column":4},"end":{"line":33,"column":null}},{"start":{"line":27,"column":4},"end":{"line":33,"column":null}}]},"1":{"loc":{"start":{"line":27,"column":8},"end":{"line":27,"column":13}},"type":"binary-expr","locations":[{"start":{"line":27,"column":8},"end":{"line":27,"column":13}},{"start":{"line":27,"column":17},"end":{"line":27,"column":36}},{"start":{"line":27,"column":40},"end":{"line":27,"column":70}}]},"2":{"loc":{"start":{"line":29,"column":6},"end":{"line":32,"column":null}},"type":"if","locations":[{"start":{"line":29,"column":6},"end":{"line":32,"column":null}},{"start":{"line":29,"column":6},"end":{"line":32,"column":null}}]},"3":{"loc":{"start":{"line":29,"column":10},"end":{"line":29,"column":27}},"type":"binary-expr","locations":[{"start":{"line":29,"column":10},"end":{"line":29,"column":27}},{"start":{"line":29,"column":31},"end":{"line":29,"column":46}}]},"4":{"loc":{"start":{"line":37,"column":4},"end":{"line":39,"column":null}},"type":"if","locations":[{"start":{"line":37,"column":4},"end":{"line":39,"column":null}},{"start":{"line":37,"column":4},"end":{"line":39,"column":null}}]},"5":{"loc":{"start":{"line":37,"column":8},"end":{"line":37,"column":14}},"type":"binary-expr","locations":[{"start":{"line":37,"column":8},"end":{"line":37,"column":14}},{"start":{"line":37,"column":18},"end":{"line":37,"column":22}}]},"6":{"loc":{"start":{"line":38,"column":6},"end":{"line":38,"column":14}},"type":"binary-expr","locations":[{"start":{"line":38,"column":6},"end":{"line":38,"column":14}},{"start":{"line":38,"column":18},"end":{"line":38,"column":55}}]}},"s":{"0":2,"1":2,"2":2,"3":2,"4":2,"5":2,"6":2,"7":2,"8":2,"9":2,"10":0,"11":0,"12":0,"13":0,"14":0,"15":0,"16":0,"17":0,"18":0,"19":0,"20":0,"21":0,"22":0,"23":0,"24":0,"25":0,"26":0,"27":0,"28":0,"29":0,"30":0,"31":2},"f":{"0":0,"1":0,"2":0},"b":{"0":[0,0],"1":[0,0,0],"2":[0,0],"3":[0,0],"4":[0,0],"5":[0,0],"6":[0,0]}}}}